  Bank-Project-OOP-V2.cpp
E:\Hadhod\c++ projects\Bank-Project-OOP-v2\clsString.h(41,30): warning C4267: '=': conversion from 'size_t' to 'short', possible loss of data
  (compiling source file 'Bank-Project-OOP-V2.cpp')
  
E:\Hadhod\c++ projects\Bank-Project-OOP-v2\clsString.h(64,26): warning C4267: 'return': conversion from 'size_t' to 'short', possible loss of data
  (compiling source file 'Bank-Project-OOP-V2.cpp')
  
E:\Hadhod\c++ projects\Bank-Project-OOP-v2\clsString.h(292,30): warning C4267: '=': conversion from 'size_t' to 'short', possible loss of data
  (compiling source file 'Bank-Project-OOP-V2.cpp')
  
E:\Hadhod\c++ projects\Bank-Project-OOP-v2\clsString.h(359,14): warning C4267: 'initializing': conversion from 'size_t' to 'int', possible loss of data
  (compiling source file 'Bank-Project-OOP-V2.cpp')
  
E:\Hadhod\c++ projects\Bank-Project-OOP-v2\clsString.h(389,14): warning C4267: 'initializing': conversion from 'size_t' to 'int', possible loss of data
  (compiling source file 'Bank-Project-OOP-V2.cpp')
  
E:\Hadhod\c++ projects\Bank-Project-OOP-v2\clsString.h(429,30): warning C4267: '=': conversion from 'size_t' to 'short', possible loss of data
  (compiling source file 'Bank-Project-OOP-V2.cpp')
  
E:\Hadhod\c++ projects\Bank-Project-OOP-v2\clsInputValidate.h(116,16): warning C4244: 'initializing': conversion from 'double' to 'float', possible loss of data
  (compiling source file 'Bank-Project-OOP-V2.cpp')
  
E:\Hadhod\c++ projects\Bank-Project-OOP-v2\clsInputValidate.h(120,26): warning C4244: '=': conversion from 'double' to 'float', possible loss of data
  (compiling source file 'Bank-Project-OOP-V2.cpp')
  
E:\Hadhod\c++ projects\Bank-Project-OOP-v2\clsBankClient.h(35,44): warning C4244: 'argument': conversion from 'double' to 'float', possible loss of data
  (compiling source file 'Bank-Project-OOP-V2.cpp')
  
E:\Hadhod\c++ projects\Bank-Project-OOP-v2\clsBankClient.h(267,24): warning C4244: '+=': conversion from 'double' to 'float', possible loss of data
  (compiling source file 'Bank-Project-OOP-V2.cpp')
  
E:\Hadhod\c++ projects\Bank-Project-OOP-v2\clsBankClient.h(281,24): warning C4244: '-=': conversion from 'double' to 'float', possible loss of data
  (compiling source file 'Bank-Project-OOP-V2.cpp')
  
E:\Hadhod\c++ projects\Bank-Project-OOP-v2\clsAddNewClientScreen.h(29,66): warning C4244: 'argument': conversion from 'double' to 'float', possible loss of data
  (compiling source file 'Bank-Project-OOP-V2.cpp')
  
E:\Hadhod\c++ projects\Bank-Project-OOP-v2\clsUpdateClientScreen.h(30,66): warning C4244: 'argument': conversion from 'double' to 'float', possible loss of data
  (compiling source file 'Bank-Project-OOP-V2.cpp')
  
E:\Hadhod\c++ projects\Bank-Project-OOP-v2\clsTotalBalancesScreen.h(60,60): warning C4244: 'argument': conversion from 'double' to 'int', possible loss of data
  (compiling source file 'Bank-Project-OOP-V2.cpp')
  
E:\Hadhod\c++ projects\Bank-Project-OOP-v2\clsMainScreen.h(98,44): warning C4101: 'myPermission': unreferenced local variable
  (compiling source file 'Bank-Project-OOP-V2.cpp')
  
E:\Hadhod\c++ projects\Bank-Project-OOP-v2\clsUserInfo.h(257): warning C4715: 'clsUserInfo::Save': not all control paths return a value
E:\Hadhod\c++ projects\Bank-Project-OOP-v2\clsBankClient.h(271): warning C4715: 'clsBankClient::Deposit': not all control paths return a value
E:\Hadhod\c++ projects\Bank-Project-OOP-v2\clsBankClient.h(237): warning C4715: 'clsBankClient::Save': not all control paths return a value
E:\Hadhod\c++ projects\Bank-Project-OOP-v2\clsBankClient.h(285): warning C4715: 'clsBankClient::Withdraw': not all control paths return a value
  Bank-Project-OOP-V2.vcxproj -> E:\Hadhod\c++ projects\Bank-Project-OOP-v2\x64\Debug\Bank-Project-OOP-V2.exe
